<?xml version="1.0" encoding="UTF-8"?>
<!-- Generated by org.testng.reporters.JUnitXMLReporter -->
<testsuite ignored="0" hostname="JunuPC" failures="0" tests="6" name="Default test" time="15.201" errors="0" timestamp="2022-02-24T11:18:11 CST">
  <testcase classname="com.testscenarios.TS_001_to_login_Hudl_Page" name="Tc_001_to_navigate_to_Hudl_website" time="10.846"/>
  <testcase classname="com.testscenarios.TS_001_to_login_Hudl_Page" name="Tc_002_verify_login_Page_hyperlink" time="0.13"/>
  <testcase classname="com.testscenarios.TS_001_to_login_Hudl_Page" name="Tc_003_To_click_login_button" time="2.423"/>
  <testcase classname="com.testscenarios.TS_001_to_login_Hudl_Page" name="Tc_005_verify_user_login_to_hudl_with_valid_Data" time="1.188"/>
  <testcase classname="com.testscenarios.TS_001_to_login_Hudl_Page" name="Tc_006_verify_checkbox" time="0.272"/>
  <testcase classname="com.testscenarios.TS_001_to_login_Hudl_Page" name="Tc_007_click_login_Button" time="0.261"/>
</testsuite> <!-- Default test -->
