<?xml version="1.0" encoding="UTF-8"?>
<testng-results ignored="0" total="6" passed="6" failed="0" skipped="0">
  <reporter-output>
  </reporter-output>
  <suite started-at="2022-02-24T11:17:56 CST" name="Default suite" finished-at="2022-02-24T11:18:11 CST" duration-ms="15201">
    <groups>
    </groups>
    <test started-at="2022-02-24T11:17:56 CST" name="Default test" finished-at="2022-02-24T11:18:11 CST" duration-ms="15201">
      <class name="com.testscenarios.TS_001_to_login_Hudl_Page">
        <test-method is-config="true" signature="beforeTest()[pri:0, instance:com.testscenarios.TS_001_to_login_Hudl_Page@4efac082]" started-at="2022-02-24T11:17:56 CST" name="beforeTest" finished-at="2022-02-24T11:17:56 CST" duration-ms="9" status="PASS">
          <reporter-output>
          </reporter-output>
        </test-method> <!-- beforeTest -->
        <test-method signature="Tc_001_to_navigate_to_Hudl_website()[pri:0, instance:com.testscenarios.TS_001_to_login_Hudl_Page@4efac082]" started-at="2022-02-24T11:17:56 CST" name="Tc_001_to_navigate_to_Hudl_website" finished-at="2022-02-24T11:18:07 CST" duration-ms="10846" status="PASS">
          <reporter-output>
          </reporter-output>
        </test-method> <!-- Tc_001_to_navigate_to_Hudl_website -->
        <test-method signature="Tc_002_verify_login_Page_hyperlink()[pri:0, instance:com.testscenarios.TS_001_to_login_Hudl_Page@4efac082]" started-at="2022-02-24T11:18:07 CST" name="Tc_002_verify_login_Page_hyperlink" finished-at="2022-02-24T11:18:07 CST" duration-ms="130" status="PASS">
          <reporter-output>
          </reporter-output>
        </test-method> <!-- Tc_002_verify_login_Page_hyperlink -->
        <test-method signature="Tc_003_To_click_login_button()[pri:0, instance:com.testscenarios.TS_001_to_login_Hudl_Page@4efac082]" started-at="2022-02-24T11:18:07 CST" name="Tc_003_To_click_login_button" finished-at="2022-02-24T11:18:10 CST" duration-ms="2423" status="PASS">
          <reporter-output>
          </reporter-output>
        </test-method> <!-- Tc_003_To_click_login_button -->
        <test-method signature="Tc_005_verify_user_login_to_hudl_with_valid_Data()[pri:0, instance:com.testscenarios.TS_001_to_login_Hudl_Page@4efac082]" started-at="2022-02-24T11:18:10 CST" name="Tc_005_verify_user_login_to_hudl_with_valid_Data" finished-at="2022-02-24T11:18:11 CST" duration-ms="1188" status="PASS">
          <reporter-output>
          </reporter-output>
        </test-method> <!-- Tc_005_verify_user_login_to_hudl_with_valid_Data -->
        <test-method signature="Tc_006_verify_checkbox()[pri:0, instance:com.testscenarios.TS_001_to_login_Hudl_Page@4efac082]" started-at="2022-02-24T11:18:11 CST" name="Tc_006_verify_checkbox" finished-at="2022-02-24T11:18:11 CST" duration-ms="272" status="PASS">
          <reporter-output>
          </reporter-output>
        </test-method> <!-- Tc_006_verify_checkbox -->
        <test-method signature="Tc_007_click_login_Button()[pri:0, instance:com.testscenarios.TS_001_to_login_Hudl_Page@4efac082]" started-at="2022-02-24T11:18:11 CST" name="Tc_007_click_login_Button" finished-at="2022-02-24T11:18:11 CST" duration-ms="261" status="PASS">
          <reporter-output>
          </reporter-output>
        </test-method> <!-- Tc_007_click_login_Button -->
      </class> <!-- com.testscenarios.TS_001_to_login_Hudl_Page -->
    </test> <!-- Default test -->
  </suite> <!-- Default suite -->
</testng-results>
